<?xml version="1.0" encoding="UTF-8"?>
<!-- Generated by org.testng.reporters.JUnitXMLReporter -->
<testsuite hostname="P870DM3" name="Test" tests="3" failures="0" timestamp="30 Jul 2019 14:28:38 GMT" time="37.402" errors="0">
  <testcase name="basePageNavigation" time="3.359" classname="e2EProject.ValidateTitle"/>
  <testcase name="basePageNavigation" time="11.444" classname="e2EProject.HomePage"/>
  <testcase name="basePageNavigation" time="11.206" classname="e2EProject.HomePage"/>
</testsuite> <!-- Test -->
