<?xml version="1.0" encoding="UTF-8"?>
<!-- Generated by org.testng.reporters.JUnitXMLReporter -->
<testsuite hostname="P870DM3" ignored="0" name="Test" tests="3" failures="0" timestamp="30 Jul 2019 15:03:07 GMT" time="41.966" errors="0">
  <testcase name="basePageNavigation" time="3.706" classname="e2EProject.ValidateTitle"/>
  <testcase name="basePageNavigation" time="13.448" classname="e2EProject.HomePage"/>
  <testcase name="basePageNavigation" time="14.405" classname="e2EProject.HomePage"/>
</testsuite> <!-- Test -->
