<?xml version="1.0" encoding="UTF-8"?>
<testng-results skipped="0" failed="0" ignored="0" total="1" passed="1">
  <reporter-output>
  </reporter-output>
  <suite name="Suite" duration-ms="67227" started-at="2019-08-14T00:49:59Z" finished-at="2019-08-14T00:51:06Z">
    <groups>
      <group name="cucumber">
        <method signature="AbstractTestNGCucumberTests.feature(cucumber.api.testng.CucumberFeatureWrapper)[pri:0, instance:cucumberOptions.TestRunner@72f926e6]" name="feature" class="cucumber.api.testng.AbstractTestNGCucumberTests"/>
      </group> <!-- cucumber -->
    </groups>
    <test name="TestTitle" duration-ms="67209" started-at="2019-08-14T00:49:59Z" finished-at="2019-08-14T00:51:06Z">
      <class name="cucumberOptions.TestRunner">
        <test-method status="PASS" signature="setUpClass()[pri:0, instance:cucumberOptions.TestRunner@72f926e6]" name="setUpClass" is-config="true" duration-ms="119" started-at="2019-08-14T00:49:59Z" finished-at="2019-08-14T00:49:59Z">
          <reporter-output>
          </reporter-output>
        </test-method> <!-- setUpClass -->
        <test-method status="PASS" signature="feature(cucumber.api.testng.CucumberFeatureWrapper)[pri:0, instance:cucumberOptions.TestRunner@72f926e6]" name="feature" duration-ms="67038" started-at="2019-08-14T00:49:59Z" description="Runs Cucumber Feature" data-provider="features" finished-at="2019-08-14T00:51:06Z">
          <params>
            <param index="0">
              <value>
                <![CDATA[Login into the application]]>
              </value>
            </param>
          </params>
          <reporter-output>
          </reporter-output>
        </test-method> <!-- feature -->
        <test-method status="PASS" signature="tearDownClass()[pri:0, instance:cucumberOptions.TestRunner@72f926e6]" name="tearDownClass" is-config="true" duration-ms="0" started-at="2019-08-14T00:51:06Z" finished-at="2019-08-14T00:51:06Z">
          <reporter-output>
          </reporter-output>
        </test-method> <!-- tearDownClass -->
      </class> <!-- cucumberOptions.TestRunner -->
    </test> <!-- TestTitle -->
    <test name="TestHome" duration-ms="0" started-at="2019-08-14T00:51:06Z" finished-at="2019-08-14T00:51:06Z">
    </test> <!-- TestHome -->
  </suite> <!-- Suite -->
</testng-results>
